{"/Users/evangeloscharalampidis/Desktop/Desktop - Evangelos’s MacBook Pro/SW/casenator/src/index.js": {"path":"/Users/evangeloscharalampidis/Desktop/Desktop - Evangelos’s MacBook Pro/SW/casenator/src/index.js","all":false,"statementMap":{"0":{"start":{"line":1,"column":0},"end":{"line":1,"column":3}},"1":{"start":{"line":2,"column":0},"end":{"line":2,"column":34}},"2":{"start":{"line":3,"column":0},"end":{"line":3,"column":3}},"3":{"start":{"line":4,"column":0},"end":{"line":4,"column":32}},"4":{"start":{"line":5,"column":0},"end":{"line":5,"column":34}},"5":{"start":{"line":6,"column":0},"end":{"line":6,"column":50}},"6":{"start":{"line":7,"column":0},"end":{"line":7,"column":3}},"7":{"start":{"line":8,"column":0},"end":{"line":8,"column":14}},"8":{"start":{"line":9,"column":0},"end":{"line":9,"column":136}},"9":{"start":{"line":10,"column":0},"end":{"line":10,"column":95}},"10":{"start":{"line":11,"column":0},"end":{"line":11,"column":2}},"11":{"start":{"line":12,"column":0},"end":{"line":12,"column":0}},"12":{"start":{"line":13,"column":0},"end":{"line":13,"column":3}},"13":{"start":{"line":14,"column":0},"end":{"line":14,"column":35}},"14":{"start":{"line":15,"column":0},"end":{"line":15,"column":3}},"15":{"start":{"line":16,"column":0},"end":{"line":16,"column":33}},"16":{"start":{"line":17,"column":0},"end":{"line":17,"column":34}},"17":{"start":{"line":18,"column":0},"end":{"line":18,"column":50}},"18":{"start":{"line":19,"column":0},"end":{"line":19,"column":3}},"19":{"start":{"line":20,"column":0},"end":{"line":20,"column":14}},"20":{"start":{"line":21,"column":0},"end":{"line":21,"column":136}},"21":{"start":{"line":22,"column":0},"end":{"line":22,"column":104}},"22":{"start":{"line":23,"column":0},"end":{"line":23,"column":2}},"23":{"start":{"line":24,"column":0},"end":{"line":24,"column":0}},"24":{"start":{"line":25,"column":0},"end":{"line":25,"column":3}},"25":{"start":{"line":26,"column":0},"end":{"line":26,"column":35}},"26":{"start":{"line":27,"column":0},"end":{"line":27,"column":3}},"27":{"start":{"line":28,"column":0},"end":{"line":28,"column":32}},"28":{"start":{"line":29,"column":0},"end":{"line":29,"column":34}},"29":{"start":{"line":30,"column":0},"end":{"line":30,"column":50}},"30":{"start":{"line":31,"column":0},"end":{"line":31,"column":3}},"31":{"start":{"line":32,"column":0},"end":{"line":32,"column":14}},"32":{"start":{"line":33,"column":0},"end":{"line":33,"column":78}},"33":{"start":{"line":34,"column":0},"end":{"line":34,"column":74}},"34":{"start":{"line":35,"column":0},"end":{"line":35,"column":42}},"35":{"start":{"line":36,"column":0},"end":{"line":36,"column":74}},"36":{"start":{"line":37,"column":0},"end":{"line":37,"column":62}},"37":{"start":{"line":38,"column":0},"end":{"line":38,"column":2}},"38":{"start":{"line":39,"column":0},"end":{"line":39,"column":0}},"39":{"start":{"line":40,"column":0},"end":{"line":40,"column":3}},"40":{"start":{"line":41,"column":0},"end":{"line":41,"column":35}},"41":{"start":{"line":42,"column":0},"end":{"line":42,"column":3}},"42":{"start":{"line":43,"column":0},"end":{"line":43,"column":32}},"43":{"start":{"line":44,"column":0},"end":{"line":44,"column":34}},"44":{"start":{"line":45,"column":0},"end":{"line":45,"column":50}},"45":{"start":{"line":46,"column":0},"end":{"line":46,"column":3}},"46":{"start":{"line":47,"column":0},"end":{"line":47,"column":29}},"47":{"start":{"line":48,"column":0},"end":{"line":48,"column":2}},"48":{"start":{"line":49,"column":0},"end":{"line":49,"column":0}},"49":{"start":{"line":50,"column":0},"end":{"line":50,"column":3}},"50":{"start":{"line":51,"column":0},"end":{"line":51,"column":35}},"51":{"start":{"line":52,"column":0},"end":{"line":52,"column":3}},"52":{"start":{"line":53,"column":0},"end":{"line":53,"column":32}},"53":{"start":{"line":54,"column":0},"end":{"line":54,"column":34}},"54":{"start":{"line":55,"column":0},"end":{"line":55,"column":50}},"55":{"start":{"line":56,"column":0},"end":{"line":56,"column":3}},"56":{"start":{"line":57,"column":0},"end":{"line":57,"column":29}},"57":{"start":{"line":58,"column":0},"end":{"line":58,"column":2}},"58":{"start":{"line":59,"column":0},"end":{"line":59,"column":0}},"59":{"start":{"line":60,"column":0},"end":{"line":60,"column":3}},"60":{"start":{"line":61,"column":0},"end":{"line":61,"column":36}},"61":{"start":{"line":62,"column":0},"end":{"line":62,"column":3}},"62":{"start":{"line":63,"column":0},"end":{"line":63,"column":42}},"63":{"start":{"line":64,"column":0},"end":{"line":64,"column":34}},"64":{"start":{"line":65,"column":0},"end":{"line":65,"column":50}},"65":{"start":{"line":66,"column":0},"end":{"line":66,"column":3}},"66":{"start":{"line":67,"column":0},"end":{"line":67,"column":37}},"67":{"start":{"line":68,"column":0},"end":{"line":68,"column":2}},"68":{"start":{"line":69,"column":0},"end":{"line":69,"column":0}},"69":{"start":{"line":70,"column":0},"end":{"line":70,"column":3}},"70":{"start":{"line":71,"column":0},"end":{"line":71,"column":20}},"71":{"start":{"line":72,"column":0},"end":{"line":72,"column":3}},"72":{"start":{"line":73,"column":0},"end":{"line":73,"column":34}},"73":{"start":{"line":74,"column":0},"end":{"line":74,"column":34}},"74":{"start":{"line":75,"column":0},"end":{"line":75,"column":50}},"75":{"start":{"line":76,"column":0},"end":{"line":76,"column":3}},"76":{"start":{"line":77,"column":0},"end":{"line":77,"column":44}},"77":{"start":{"line":78,"column":0},"end":{"line":78,"column":2}},"78":{"start":{"line":79,"column":0},"end":{"line":79,"column":0}},"79":{"start":{"line":80,"column":0},"end":{"line":80,"column":18}},"80":{"start":{"line":81,"column":0},"end":{"line":81,"column":14}},"81":{"start":{"line":82,"column":0},"end":{"line":82,"column":15}},"82":{"start":{"line":83,"column":0},"end":{"line":83,"column":14}},"83":{"start":{"line":84,"column":0},"end":{"line":84,"column":16}},"84":{"start":{"line":85,"column":0},"end":{"line":85,"column":12}},"85":{"start":{"line":86,"column":0},"end":{"line":86,"column":14}},"86":{"start":{"line":87,"column":0},"end":{"line":87,"column":14}},"87":{"start":{"line":88,"column":0},"end":{"line":88,"column":2}}},"s":{"0":1,"1":1,"2":1,"3":1,"4":12,"5":5,"6":5,"7":7,"8":7,"9":7,"10":7,"11":1,"12":1,"13":1,"14":1,"15":1,"16":12,"17":5,"18":5,"19":7,"20":7,"21":7,"22":7,"23":1,"24":1,"25":1,"26":1,"27":1,"28":13,"29":5,"30":5,"31":8,"32":8,"33":8,"34":8,"35":8,"36":8,"37":8,"38":1,"39":1,"40":1,"41":1,"42":1,"43":0,"44":0,"45":0,"46":0,"47":0,"48":1,"49":1,"50":1,"51":1,"52":1,"53":0,"54":0,"55":0,"56":0,"57":0,"58":1,"59":1,"60":1,"61":1,"62":1,"63":0,"64":0,"65":0,"66":0,"67":0,"68":1,"69":1,"70":1,"71":1,"72":1,"73":0,"74":0,"75":0,"76":0,"77":0,"78":1,"79":1,"80":1,"81":1,"82":1,"83":1,"84":1,"85":1,"86":1,"87":1},"branchMap":{"0":{"type":"branch","line":4,"loc":{"start":{"line":4,"column":21},"end":{"line":11,"column":2}},"locations":[{"start":{"line":4,"column":21},"end":{"line":11,"column":2}}]},"1":{"type":"branch","line":5,"loc":{"start":{"line":5,"column":33},"end":{"line":7,"column":3}},"locations":[{"start":{"line":5,"column":33},"end":{"line":7,"column":3}}]},"2":{"type":"branch","line":7,"loc":{"start":{"line":7,"column":2},"end":{"line":11,"column":2}},"locations":[{"start":{"line":7,"column":2},"end":{"line":11,"column":2}}]},"3":{"type":"branch","line":9,"loc":{"start":{"line":9,"column":29},"end":{"line":9,"column":65}},"locations":[{"start":{"line":9,"column":29},"end":{"line":9,"column":65}}]},"4":{"type":"branch","line":9,"loc":{"start":{"line":9,"column":59},"end":{"line":9,"column":65}},"locations":[{"start":{"line":9,"column":59},"end":{"line":9,"column":65}}]},"5":{"type":"branch","line":10,"loc":{"start":{"line":10,"column":24},"end":{"line":10,"column":53}},"locations":[{"start":{"line":10,"column":24},"end":{"line":10,"column":53}}]},"6":{"type":"branch","line":16,"loc":{"start":{"line":16,"column":22},"end":{"line":23,"column":2}},"locations":[{"start":{"line":16,"column":22},"end":{"line":23,"column":2}}]},"7":{"type":"branch","line":17,"loc":{"start":{"line":17,"column":33},"end":{"line":19,"column":3}},"locations":[{"start":{"line":17,"column":33},"end":{"line":19,"column":3}}]},"8":{"type":"branch","line":19,"loc":{"start":{"line":19,"column":2},"end":{"line":23,"column":2}},"locations":[{"start":{"line":19,"column":2},"end":{"line":23,"column":2}}]},"9":{"type":"branch","line":21,"loc":{"start":{"line":21,"column":29},"end":{"line":21,"column":65}},"locations":[{"start":{"line":21,"column":29},"end":{"line":21,"column":65}}]},"10":{"type":"branch","line":21,"loc":{"start":{"line":21,"column":59},"end":{"line":21,"column":65}},"locations":[{"start":{"line":21,"column":59},"end":{"line":21,"column":65}}]},"11":{"type":"branch","line":22,"loc":{"start":{"line":22,"column":24},"end":{"line":22,"column":53}},"locations":[{"start":{"line":22,"column":24},"end":{"line":22,"column":53}}]},"12":{"type":"branch","line":28,"loc":{"start":{"line":28,"column":21},"end":{"line":38,"column":2}},"locations":[{"start":{"line":28,"column":21},"end":{"line":38,"column":2}}]},"13":{"type":"branch","line":29,"loc":{"start":{"line":29,"column":33},"end":{"line":31,"column":3}},"locations":[{"start":{"line":29,"column":33},"end":{"line":31,"column":3}}]},"14":{"type":"branch","line":31,"loc":{"start":{"line":31,"column":2},"end":{"line":38,"column":2}},"locations":[{"start":{"line":31,"column":2},"end":{"line":38,"column":2}}]}},"b":{"0":[12],"1":[5],"2":[7],"3":[12],"4":[0],"5":[3],"6":[12],"7":[5],"8":[7],"9":[12],"10":[0],"11":[4],"12":[13],"13":[5],"14":[8]},"fnMap":{"0":{"name":"toCamelCase","decl":{"start":{"line":4,"column":21},"end":{"line":11,"column":2}},"loc":{"start":{"line":4,"column":21},"end":{"line":11,"column":2}},"line":4},"1":{"name":"toPascalCase","decl":{"start":{"line":16,"column":22},"end":{"line":23,"column":2}},"loc":{"start":{"line":16,"column":22},"end":{"line":23,"column":2}},"line":16},"2":{"name":"toKebabCase","decl":{"start":{"line":28,"column":21},"end":{"line":38,"column":2}},"loc":{"start":{"line":28,"column":21},"end":{"line":38,"column":2}},"line":28},"3":{"name":"toUpperCase","decl":{"start":{"line":43,"column":21},"end":{"line":48,"column":2}},"loc":{"start":{"line":43,"column":21},"end":{"line":48,"column":2}},"line":43},"4":{"name":"toLowerCase","decl":{"start":{"line":53,"column":21},"end":{"line":58,"column":2}},"loc":{"start":{"line":53,"column":21},"end":{"line":58,"column":2}},"line":53},"5":{"name":"substring","decl":{"start":{"line":63,"column":18},"end":{"line":68,"column":2}},"loc":{"start":{"line":63,"column":18},"end":{"line":68,"column":2}},"line":63},"6":{"name":"reverseString","decl":{"start":{"line":73,"column":23},"end":{"line":78,"column":2}},"loc":{"start":{"line":73,"column":23},"end":{"line":78,"column":2}},"line":73}},"f":{"0":12,"1":12,"2":13,"3":0,"4":0,"5":0,"6":0}}
}
