TN:
SF:src/index.js
FN:4,toCamelCase
FN:16,toPascalCase
FN:28,toKebabCase
FN:43,toUpperCase
FN:53,toLowerCase
FN:63,substring
FN:73,reverseString
FNF:7
FNH:3
FNDA:12,toCamelCase
FNDA:12,toPascalCase
FNDA:13,toKebabCase
FNDA:0,toUpperCase
FNDA:0,toLowerCase
FNDA:0,substring
FNDA:0,reverseString
DA:1,1
DA:2,1
DA:3,1
DA:4,1
DA:5,12
DA:6,5
DA:7,5
DA:8,7
DA:9,7
DA:10,7
DA:11,7
DA:12,1
DA:13,1
DA:14,1
DA:15,1
DA:16,1
DA:17,12
DA:18,5
DA:19,5
DA:20,7
DA:21,7
DA:22,7
DA:23,7
DA:24,1
DA:25,1
DA:26,1
DA:27,1
DA:28,1
DA:29,13
DA:30,5
DA:31,5
DA:32,8
DA:33,8
DA:34,8
DA:35,8
DA:36,8
DA:37,8
DA:38,8
DA:39,1
DA:40,1
DA:41,1
DA:42,1
DA:43,1
DA:44,0
DA:45,0
DA:46,0
DA:47,0
DA:48,0
DA:49,1
DA:50,1
DA:51,1
DA:52,1
DA:53,1
DA:54,0
DA:55,0
DA:56,0
DA:57,0
DA:58,0
DA:59,1
DA:60,1
DA:61,1
DA:62,1
DA:63,1
DA:64,0
DA:65,0
DA:66,0
DA:67,0
DA:68,0
DA:69,1
DA:70,1
DA:71,1
DA:72,1
DA:73,1
DA:74,0
DA:75,0
DA:76,0
DA:77,0
DA:78,0
DA:79,1
DA:80,1
DA:81,1
DA:82,1
DA:83,1
DA:84,1
DA:85,1
DA:86,1
DA:87,1
DA:88,1
LF:88
LH:68
BRDA:4,0,0,12
BRDA:5,1,0,5
BRDA:7,2,0,7
BRDA:9,3,0,12
BRDA:9,4,0,0
BRDA:10,5,0,3
BRDA:16,6,0,12
BRDA:17,7,0,5
BRDA:19,8,0,7
BRDA:21,9,0,12
BRDA:21,10,0,0
BRDA:22,11,0,4
BRDA:28,12,0,13
BRDA:29,13,0,5
BRDA:31,14,0,8
BRF:15
BRH:13
end_of_record
